<?xml version="1.0" encoding="UTF-8"?>
<testsuite xmlns:xsi="http://www.w3.org/2001/XMLSchema-instance" xsi:noNamespaceSchemaLocation="https://maven.apache.org/surefire/maven-surefire-plugin/xsd/surefire-test-report-3.0.xsd" version="3.0" name="TestSuite" time="209.7" tests="3" errors="0" skipped="0" failures="2">
  <properties>
    <property name="java.specification.version" value="17"/>
    <property name="webdriver.chrome.driver" value="C:\Users\Admin\eclipse-workspace\Pool\Lib\chromedriver.exe"/>
    <property name="sun.cpu.isalist" value="amd64"/>
    <property name="sun.jnu.encoding" value="Cp1252"/>
    <property name="java.class.path" value="C:\Users\Admin\eclipse-workspace\Pool\target\test-classes;C:\Users\Admin\eclipse-workspace\Pool\target\classes;C:\Users\Admin\.m2\repository\org\seleniumhq\selenium\selenium-java\3.11.0\selenium-java-3.11.0.jar;C:\Users\Admin\.m2\repository\org\seleniumhq\selenium\selenium-api\3.11.0\selenium-api-3.11.0.jar;C:\Users\Admin\.m2\repository\org\seleniumhq\selenium\selenium-chrome-driver\3.11.0\selenium-chrome-driver-3.11.0.jar;C:\Users\Admin\.m2\repository\org\seleniumhq\selenium\selenium-edge-driver\3.11.0\selenium-edge-driver-3.11.0.jar;C:\Users\Admin\.m2\repository\org\seleniumhq\selenium\selenium-firefox-driver\3.11.0\selenium-firefox-driver-3.11.0.jar;C:\Users\Admin\.m2\repository\org\seleniumhq\selenium\selenium-ie-driver\3.11.0\selenium-ie-driver-3.11.0.jar;C:\Users\Admin\.m2\repository\org\seleniumhq\selenium\selenium-opera-driver\3.11.0\selenium-opera-driver-3.11.0.jar;C:\Users\Admin\.m2\repository\org\seleniumhq\selenium\selenium-remote-driver\3.11.0\selenium-remote-driver-3.11.0.jar;C:\Users\Admin\.m2\repository\org\seleniumhq\selenium\selenium-safari-driver\3.11.0\selenium-safari-driver-3.11.0.jar;C:\Users\Admin\.m2\repository\org\seleniumhq\selenium\selenium-support\3.11.0\selenium-support-3.11.0.jar;C:\Users\Admin\.m2\repository\net\bytebuddy\byte-buddy\1.7.9\byte-buddy-1.7.9.jar;C:\Users\Admin\.m2\repository\org\apache\commons\commons-exec\1.3\commons-exec-1.3.jar;C:\Users\Admin\.m2\repository\commons-codec\commons-codec\1.10\commons-codec-1.10.jar;C:\Users\Admin\.m2\repository\commons-logging\commons-logging\1.2\commons-logging-1.2.jar;C:\Users\Admin\.m2\repository\com\google\code\gson\gson\2.8.2\gson-2.8.2.jar;C:\Users\Admin\.m2\repository\com\google\guava\guava\23.6-jre\guava-23.6-jre.jar;C:\Users\Admin\.m2\repository\org\checkerframework\checker-compat-qual\2.0.0\checker-compat-qual-2.0.0.jar;C:\Users\Admin\.m2\repository\com\google\errorprone\error_prone_annotations\2.1.3\error_prone_annotations-2.1.3.jar;C:\Users\Admin\.m2\repository\com\google\j2objc\j2objc-annotations\1.1\j2objc-annotations-1.1.jar;C:\Users\Admin\.m2\repository\org\codehaus\mojo\animal-sniffer-annotations\1.14\animal-sniffer-annotations-1.14.jar;C:\Users\Admin\.m2\repository\org\apache\httpcomponents\httpclient\4.5.3\httpclient-4.5.3.jar;C:\Users\Admin\.m2\repository\org\apache\httpcomponents\httpcore\4.4.6\httpcore-4.4.6.jar;C:\Users\Admin\.m2\repository\com\squareup\okhttp3\okhttp\3.9.1\okhttp-3.9.1.jar;C:\Users\Admin\.m2\repository\com\squareup\okio\okio\1.13.0\okio-1.13.0.jar;C:\Users\Admin\.m2\repository\org\testng\testng\7.5\testng-7.5.jar;C:\Users\Admin\.m2\repository\com\google\code\findbugs\jsr305\3.0.1\jsr305-3.0.1.jar;C:\Users\Admin\.m2\repository\org\slf4j\slf4j-api\1.7.32\slf4j-api-1.7.32.jar;C:\Users\Admin\.m2\repository\com\beust\jcommander\1.78\jcommander-1.78.jar;C:\Users\Admin\.m2\repository\org\webjars\jquery\3.5.1\jquery-3.5.1.jar;C:\Users\Admin\.m2\repository\io\github\bonigarcia\webdrivermanager\5.1.0\webdrivermanager-5.1.0.jar;C:\Users\Admin\.m2\repository\com\github\docker-java\docker-java\3.2.13\docker-java-3.2.13.jar;C:\Users\Admin\.m2\repository\com\github\docker-java\docker-java-core\3.2.13\docker-java-core-3.2.13.jar;C:\Users\Admin\.m2\repository\com\github\docker-java\docker-java-api\3.2.13\docker-java-api-3.2.13.jar;C:\Users\Admin\.m2\repository\com\fasterxml\jackson\core\jackson-annotations\2.10.3\jackson-annotations-2.10.3.jar;C:\Users\Admin\.m2\repository\com\fasterxml\jackson\core\jackson-databind\2.10.3\jackson-databind-2.10.3.jar;C:\Users\Admin\.m2\repository\com\fasterxml\jackson\core\jackson-core\2.10.3\jackson-core-2.10.3.jar;C:\Users\Admin\.m2\repository\org\bouncycastle\bcpkix-jdk15on\1.64\bcpkix-jdk15on-1.64.jar;C:\Users\Admin\.m2\repository\org\bouncycastle\bcprov-jdk15on\1.64\bcprov-jdk15on-1.64.jar;C:\Users\Admin\.m2\repository\org\slf4j\jcl-over-slf4j\1.7.30\jcl-over-slf4j-1.7.30.jar;C:\Users\Admin\.m2\repository\com\github\docker-java\docker-java-transport-httpclient5\3.2.13\docker-java-transport-httpclient5-3.2.13.jar;C:\Users\Admin\.m2\repository\com\github\docker-java\docker-java-transport\3.2.13\docker-java-transport-3.2.13.jar;C:\Users\Admin\.m2\repository\org\apache\httpcomponents\client5\httpclient5\5.0.3\httpclient5-5.0.3.jar;C:\Users\Admin\.m2\repository\org\apache\httpcomponents\core5\httpcore5\5.0.2\httpcore5-5.0.2.jar;C:\Users\Admin\.m2\repository\net\java\dev\jna\jna\5.8.0\jna-5.8.0.jar;C:\Users\Admin\.m2\repository\org\brotli\dec\0.1.2\dec-0.1.2.jar;C:\Users\Admin\.m2\repository\org\apache\commons\commons-lang3\3.12.0\commons-lang3-3.12.0.jar;C:\Users\Admin\.m2\repository\org\apache\poi\poi\5.2.3\poi-5.2.3.jar;C:\Users\Admin\.m2\repository\org\apache\commons\commons-collections4\4.4\commons-collections4-4.4.jar;C:\Users\Admin\.m2\repository\org\apache\commons\commons-math3\3.6.1\commons-math3-3.6.1.jar;C:\Users\Admin\.m2\repository\commons-io\commons-io\2.11.0\commons-io-2.11.0.jar;C:\Users\Admin\.m2\repository\com\zaxxer\SparseBitSet\1.2\SparseBitSet-1.2.jar;C:\Users\Admin\.m2\repository\org\apache\logging\log4j\log4j-api\2.18.0\log4j-api-2.18.0.jar;C:\Users\Admin\.m2\repository\org\apache\poi\poi-ooxml\5.2.3\poi-ooxml-5.2.3.jar;C:\Users\Admin\.m2\repository\org\apache\poi\poi-ooxml-lite\5.2.3\poi-ooxml-lite-5.2.3.jar;C:\Users\Admin\.m2\repository\org\apache\xmlbeans\xmlbeans\5.1.1\xmlbeans-5.1.1.jar;C:\Users\Admin\.m2\repository\org\apache\commons\commons-compress\1.21\commons-compress-1.21.jar;C:\Users\Admin\.m2\repository\com\github\virtuald\curvesapi\1.07\curvesapi-1.07.jar;C:\Users\Admin\.m2\repository\com\aventstack\extentreports\5.0.9\extentreports-5.0.9.jar;C:\Users\Admin\.m2\repository\io\reactivex\rxjava3\rxjava\3.0.4\rxjava-3.0.4.jar;C:\Users\Admin\.m2\repository\org\reactivestreams\reactive-streams\1.0.3\reactive-streams-1.0.3.jar;C:\Users\Admin\.m2\repository\org\freemarker\freemarker\2.3.30\freemarker-2.3.30.jar;C:\Users\Admin\.m2\repository\tech\grasshopper\extentreports-cucumber7-adapter\1.9.0\extentreports-cucumber7-adapter-1.9.0.jar;C:\Users\Admin\.m2\repository\tech\grasshopper\extent-pdf-report\2.9.0\extent-pdf-report-2.9.0.jar;C:\Users\Admin\.m2\repository\tech\grasshopper\cucumber-pdf-report\2.11.0\cucumber-pdf-report-2.11.0.jar;C:\Users\Admin\.m2\repository\org\apache\pdfbox\pdfbox\2.0.26\pdfbox-2.0.26.jar;C:\Users\Admin\.m2\repository\org\apache\pdfbox\fontbox\2.0.26\fontbox-2.0.26.jar;C:\Users\Admin\.m2\repository\org\knowm\xchart\xchart\3.8.0\xchart-3.8.0.jar;C:\Users\Admin\.m2\repository\de\erichseifert\vectorgraphics2d\VectorGraphics2D\0.13\VectorGraphics2D-0.13.jar;C:\Users\Admin\.m2\repository\de\rototor\pdfbox\graphics2d\0.30\graphics2d-0.30.jar;C:\Users\Admin\.m2\repository\com\madgag\animated-gif-lib\1.4\animated-gif-lib-1.4.jar;C:\Users\Admin\.m2\repository\org\yaml\snakeyaml\1.28\snakeyaml-1.28.jar;C:\Users\Admin\.m2\repository\tech\grasshopper\table-layout\1.5.1\table-layout-1.5.1.jar;C:\Users\Admin\.m2\repository\tech\grasshopper\rest-assured-cucumber-pdf-report\1.4.1\rest-assured-cucumber-pdf-report-1.4.1.jar;C:\Users\Admin\.m2\repository\org\jsoup\jsoup\1.14.3\jsoup-1.14.3.jar;C:\Users\Admin\.m2\repository\com\aventstack\klov-reporter\5.0.9\klov-reporter-5.0.9.jar;C:\Users\Admin\.m2\repository\org\mongodb\mongodb-driver\3.6.4\mongodb-driver-3.6.4.jar;C:\Users\Admin\.m2\repository\org\mongodb\mongodb-driver-core\3.6.4\mongodb-driver-core-3.6.4.jar;C:\Users\Admin\.m2\repository\org\mongodb\bson\3.6.4\bson-3.6.4.jar;C:\Users\Admin\.m2\repository\org\apache\httpcomponents\httpmime\4.5.13\httpmime-4.5.13.jar;C:\Users\Admin\.m2\repository\tech\grasshopper\htmlextentreporter\1.0.1\htmlextentreporter-1.0.1.jar;C:\Users\Admin\.m2\repository\org\projectlombok\lombok\1.18.28\lombok-1.18.28.jar;C:\Users\Admin\.m2\repository\io\cucumber\cucumber-java\7.11.1\cucumber-java-7.11.1.jar;C:\Users\Admin\.m2\repository\org\apiguardian\apiguardian-api\1.1.2\apiguardian-api-1.1.2.jar;C:\Users\Admin\.m2\repository\io\cucumber\cucumber-core\7.0.0\cucumber-core-7.0.0.jar;C:\Users\Admin\.m2\repository\io\cucumber\cucumber-gherkin\7.0.0\cucumber-gherkin-7.0.0.jar;C:\Users\Admin\.m2\repository\io\cucumber\cucumber-gherkin-messages\7.0.0\cucumber-gherkin-messages-7.0.0.jar;C:\Users\Admin\.m2\repository\io\cucumber\messages\17.1.1\messages-17.1.1.jar;C:\Users\Admin\.m2\repository\io\cucumber\tag-expressions\4.0.2\tag-expressions-4.0.2.jar;C:\Users\Admin\.m2\repository\io\cucumber\cucumber-expressions\13.0.1\cucumber-expressions-13.0.1.jar;C:\Users\Admin\.m2\repository\io\cucumber\datatable\7.0.0\datatable-7.0.0.jar;C:\Users\Admin\.m2\repository\io\cucumber\cucumber-plugin\7.0.0\cucumber-plugin-7.0.0.jar;C:\Users\Admin\.m2\repository\io\cucumber\docstring\7.0.0\docstring-7.0.0.jar;C:\Users\Admin\.m2\repository\io\cucumber\html-formatter\17.0.0\html-formatter-17.0.0.jar;C:\Users\Admin\.m2\repository\io\cucumber\create-meta\6.0.1\create-meta-6.0.1.jar;C:\Users\Admin\.m2\repository\io\cucumber\cucumber-testng\7.11.1\cucumber-testng-7.11.1.jar;C:\Users\Admin\.m2\repository\io\cucumber\cucumber-picocontainer\7.0.0\cucumber-picocontainer-7.0.0.jar;C:\Users\Admin\.m2\repository\org\picocontainer\picocontainer\2.15\picocontainer-2.15.jar;"/>
    <property name="java.vm.vendor" value="Oracle Corporation"/>
    <property name="sun.arch.data.model" value="64"/>
    <property name="user.variant" value=""/>
    <property name="java.vendor.url" value="https://java.oracle.com/"/>
    <property name="user.timezone" value="Asia/Calcutta"/>
    <property name="os.name" value="Windows 10"/>
    <property name="java.vm.specification.version" value="17"/>
    <property name="sun.java.launcher" value="SUN_STANDARD"/>
    <property name="user.country" value="US"/>
    <property name="sun.boot.library.path" value="C:\Program Files\Java\jdk-17\bin"/>
    <property name="sun.java.command" value="C:\Users\Admin\AppData\Local\Temp\surefire4057279790477214253\surefirebooter8671772288111602475.jar C:\Users\Admin\AppData\Local\Temp\surefire4057279790477214253 2023-09-25T17-12-06_877-jvmRun1 surefire2339626702863412776tmp surefire_013976637676211096065tmp"/>
    <property name="jdk.debug" value="release"/>
    <property name="surefire.test.class.path" value="C:\Users\Admin\eclipse-workspace\Pool\target\test-classes;C:\Users\Admin\eclipse-workspace\Pool\target\classes;C:\Users\Admin\.m2\repository\org\seleniumhq\selenium\selenium-java\3.11.0\selenium-java-3.11.0.jar;C:\Users\Admin\.m2\repository\org\seleniumhq\selenium\selenium-api\3.11.0\selenium-api-3.11.0.jar;C:\Users\Admin\.m2\repository\org\seleniumhq\selenium\selenium-chrome-driver\3.11.0\selenium-chrome-driver-3.11.0.jar;C:\Users\Admin\.m2\repository\org\seleniumhq\selenium\selenium-edge-driver\3.11.0\selenium-edge-driver-3.11.0.jar;C:\Users\Admin\.m2\repository\org\seleniumhq\selenium\selenium-firefox-driver\3.11.0\selenium-firefox-driver-3.11.0.jar;C:\Users\Admin\.m2\repository\org\seleniumhq\selenium\selenium-ie-driver\3.11.0\selenium-ie-driver-3.11.0.jar;C:\Users\Admin\.m2\repository\org\seleniumhq\selenium\selenium-opera-driver\3.11.0\selenium-opera-driver-3.11.0.jar;C:\Users\Admin\.m2\repository\org\seleniumhq\selenium\selenium-remote-driver\3.11.0\selenium-remote-driver-3.11.0.jar;C:\Users\Admin\.m2\repository\org\seleniumhq\selenium\selenium-safari-driver\3.11.0\selenium-safari-driver-3.11.0.jar;C:\Users\Admin\.m2\repository\org\seleniumhq\selenium\selenium-support\3.11.0\selenium-support-3.11.0.jar;C:\Users\Admin\.m2\repository\net\bytebuddy\byte-buddy\1.7.9\byte-buddy-1.7.9.jar;C:\Users\Admin\.m2\repository\org\apache\commons\commons-exec\1.3\commons-exec-1.3.jar;C:\Users\Admin\.m2\repository\commons-codec\commons-codec\1.10\commons-codec-1.10.jar;C:\Users\Admin\.m2\repository\commons-logging\commons-logging\1.2\commons-logging-1.2.jar;C:\Users\Admin\.m2\repository\com\google\code\gson\gson\2.8.2\gson-2.8.2.jar;C:\Users\Admin\.m2\repository\com\google\guava\guava\23.6-jre\guava-23.6-jre.jar;C:\Users\Admin\.m2\repository\org\checkerframework\checker-compat-qual\2.0.0\checker-compat-qual-2.0.0.jar;C:\Users\Admin\.m2\repository\com\google\errorprone\error_prone_annotations\2.1.3\error_prone_annotations-2.1.3.jar;C:\Users\Admin\.m2\repository\com\google\j2objc\j2objc-annotations\1.1\j2objc-annotations-1.1.jar;C:\Users\Admin\.m2\repository\org\codehaus\mojo\animal-sniffer-annotations\1.14\animal-sniffer-annotations-1.14.jar;C:\Users\Admin\.m2\repository\org\apache\httpcomponents\httpclient\4.5.3\httpclient-4.5.3.jar;C:\Users\Admin\.m2\repository\org\apache\httpcomponents\httpcore\4.4.6\httpcore-4.4.6.jar;C:\Users\Admin\.m2\repository\com\squareup\okhttp3\okhttp\3.9.1\okhttp-3.9.1.jar;C:\Users\Admin\.m2\repository\com\squareup\okio\okio\1.13.0\okio-1.13.0.jar;C:\Users\Admin\.m2\repository\org\testng\testng\7.5\testng-7.5.jar;C:\Users\Admin\.m2\repository\com\google\code\findbugs\jsr305\3.0.1\jsr305-3.0.1.jar;C:\Users\Admin\.m2\repository\org\slf4j\slf4j-api\1.7.32\slf4j-api-1.7.32.jar;C:\Users\Admin\.m2\repository\com\beust\jcommander\1.78\jcommander-1.78.jar;C:\Users\Admin\.m2\repository\org\webjars\jquery\3.5.1\jquery-3.5.1.jar;C:\Users\Admin\.m2\repository\io\github\bonigarcia\webdrivermanager\5.1.0\webdrivermanager-5.1.0.jar;C:\Users\Admin\.m2\repository\com\github\docker-java\docker-java\3.2.13\docker-java-3.2.13.jar;C:\Users\Admin\.m2\repository\com\github\docker-java\docker-java-core\3.2.13\docker-java-core-3.2.13.jar;C:\Users\Admin\.m2\repository\com\github\docker-java\docker-java-api\3.2.13\docker-java-api-3.2.13.jar;C:\Users\Admin\.m2\repository\com\fasterxml\jackson\core\jackson-annotations\2.10.3\jackson-annotations-2.10.3.jar;C:\Users\Admin\.m2\repository\com\fasterxml\jackson\core\jackson-databind\2.10.3\jackson-databind-2.10.3.jar;C:\Users\Admin\.m2\repository\com\fasterxml\jackson\core\jackson-core\2.10.3\jackson-core-2.10.3.jar;C:\Users\Admin\.m2\repository\org\bouncycastle\bcpkix-jdk15on\1.64\bcpkix-jdk15on-1.64.jar;C:\Users\Admin\.m2\repository\org\bouncycastle\bcprov-jdk15on\1.64\bcprov-jdk15on-1.64.jar;C:\Users\Admin\.m2\repository\org\slf4j\jcl-over-slf4j\1.7.30\jcl-over-slf4j-1.7.30.jar;C:\Users\Admin\.m2\repository\com\github\docker-java\docker-java-transport-httpclient5\3.2.13\docker-java-transport-httpclient5-3.2.13.jar;C:\Users\Admin\.m2\repository\com\github\docker-java\docker-java-transport\3.2.13\docker-java-transport-3.2.13.jar;C:\Users\Admin\.m2\repository\org\apache\httpcomponents\client5\httpclient5\5.0.3\httpclient5-5.0.3.jar;C:\Users\Admin\.m2\repository\org\apache\httpcomponents\core5\httpcore5\5.0.2\httpcore5-5.0.2.jar;C:\Users\Admin\.m2\repository\net\java\dev\jna\jna\5.8.0\jna-5.8.0.jar;C:\Users\Admin\.m2\repository\org\brotli\dec\0.1.2\dec-0.1.2.jar;C:\Users\Admin\.m2\repository\org\apache\commons\commons-lang3\3.12.0\commons-lang3-3.12.0.jar;C:\Users\Admin\.m2\repository\org\apache\poi\poi\5.2.3\poi-5.2.3.jar;C:\Users\Admin\.m2\repository\org\apache\commons\commons-collections4\4.4\commons-collections4-4.4.jar;C:\Users\Admin\.m2\repository\org\apache\commons\commons-math3\3.6.1\commons-math3-3.6.1.jar;C:\Users\Admin\.m2\repository\commons-io\commons-io\2.11.0\commons-io-2.11.0.jar;C:\Users\Admin\.m2\repository\com\zaxxer\SparseBitSet\1.2\SparseBitSet-1.2.jar;C:\Users\Admin\.m2\repository\org\apache\logging\log4j\log4j-api\2.18.0\log4j-api-2.18.0.jar;C:\Users\Admin\.m2\repository\org\apache\poi\poi-ooxml\5.2.3\poi-ooxml-5.2.3.jar;C:\Users\Admin\.m2\repository\org\apache\poi\poi-ooxml-lite\5.2.3\poi-ooxml-lite-5.2.3.jar;C:\Users\Admin\.m2\repository\org\apache\xmlbeans\xmlbeans\5.1.1\xmlbeans-5.1.1.jar;C:\Users\Admin\.m2\repository\org\apache\commons\commons-compress\1.21\commons-compress-1.21.jar;C:\Users\Admin\.m2\repository\com\github\virtuald\curvesapi\1.07\curvesapi-1.07.jar;C:\Users\Admin\.m2\repository\com\aventstack\extentreports\5.0.9\extentreports-5.0.9.jar;C:\Users\Admin\.m2\repository\io\reactivex\rxjava3\rxjava\3.0.4\rxjava-3.0.4.jar;C:\Users\Admin\.m2\repository\org\reactivestreams\reactive-streams\1.0.3\reactive-streams-1.0.3.jar;C:\Users\Admin\.m2\repository\org\freemarker\freemarker\2.3.30\freemarker-2.3.30.jar;C:\Users\Admin\.m2\repository\tech\grasshopper\extentreports-cucumber7-adapter\1.9.0\extentreports-cucumber7-adapter-1.9.0.jar;C:\Users\Admin\.m2\repository\tech\grasshopper\extent-pdf-report\2.9.0\extent-pdf-report-2.9.0.jar;C:\Users\Admin\.m2\repository\tech\grasshopper\cucumber-pdf-report\2.11.0\cucumber-pdf-report-2.11.0.jar;C:\Users\Admin\.m2\repository\org\apache\pdfbox\pdfbox\2.0.26\pdfbox-2.0.26.jar;C:\Users\Admin\.m2\repository\org\apache\pdfbox\fontbox\2.0.26\fontbox-2.0.26.jar;C:\Users\Admin\.m2\repository\org\knowm\xchart\xchart\3.8.0\xchart-3.8.0.jar;C:\Users\Admin\.m2\repository\de\erichseifert\vectorgraphics2d\VectorGraphics2D\0.13\VectorGraphics2D-0.13.jar;C:\Users\Admin\.m2\repository\de\rototor\pdfbox\graphics2d\0.30\graphics2d-0.30.jar;C:\Users\Admin\.m2\repository\com\madgag\animated-gif-lib\1.4\animated-gif-lib-1.4.jar;C:\Users\Admin\.m2\repository\org\yaml\snakeyaml\1.28\snakeyaml-1.28.jar;C:\Users\Admin\.m2\repository\tech\grasshopper\table-layout\1.5.1\table-layout-1.5.1.jar;C:\Users\Admin\.m2\repository\tech\grasshopper\rest-assured-cucumber-pdf-report\1.4.1\rest-assured-cucumber-pdf-report-1.4.1.jar;C:\Users\Admin\.m2\repository\org\jsoup\jsoup\1.14.3\jsoup-1.14.3.jar;C:\Users\Admin\.m2\repository\com\aventstack\klov-reporter\5.0.9\klov-reporter-5.0.9.jar;C:\Users\Admin\.m2\repository\org\mongodb\mongodb-driver\3.6.4\mongodb-driver-3.6.4.jar;C:\Users\Admin\.m2\repository\org\mongodb\mongodb-driver-core\3.6.4\mongodb-driver-core-3.6.4.jar;C:\Users\Admin\.m2\repository\org\mongodb\bson\3.6.4\bson-3.6.4.jar;C:\Users\Admin\.m2\repository\org\apache\httpcomponents\httpmime\4.5.13\httpmime-4.5.13.jar;C:\Users\Admin\.m2\repository\tech\grasshopper\htmlextentreporter\1.0.1\htmlextentreporter-1.0.1.jar;C:\Users\Admin\.m2\repository\org\projectlombok\lombok\1.18.28\lombok-1.18.28.jar;C:\Users\Admin\.m2\repository\io\cucumber\cucumber-java\7.11.1\cucumber-java-7.11.1.jar;C:\Users\Admin\.m2\repository\org\apiguardian\apiguardian-api\1.1.2\apiguardian-api-1.1.2.jar;C:\Users\Admin\.m2\repository\io\cucumber\cucumber-core\7.0.0\cucumber-core-7.0.0.jar;C:\Users\Admin\.m2\repository\io\cucumber\cucumber-gherkin\7.0.0\cucumber-gherkin-7.0.0.jar;C:\Users\Admin\.m2\repository\io\cucumber\cucumber-gherkin-messages\7.0.0\cucumber-gherkin-messages-7.0.0.jar;C:\Users\Admin\.m2\repository\io\cucumber\messages\17.1.1\messages-17.1.1.jar;C:\Users\Admin\.m2\repository\io\cucumber\tag-expressions\4.0.2\tag-expressions-4.0.2.jar;C:\Users\Admin\.m2\repository\io\cucumber\cucumber-expressions\13.0.1\cucumber-expressions-13.0.1.jar;C:\Users\Admin\.m2\repository\io\cucumber\datatable\7.0.0\datatable-7.0.0.jar;C:\Users\Admin\.m2\repository\io\cucumber\cucumber-plugin\7.0.0\cucumber-plugin-7.0.0.jar;C:\Users\Admin\.m2\repository\io\cucumber\docstring\7.0.0\docstring-7.0.0.jar;C:\Users\Admin\.m2\repository\io\cucumber\html-formatter\17.0.0\html-formatter-17.0.0.jar;C:\Users\Admin\.m2\repository\io\cucumber\create-meta\6.0.1\create-meta-6.0.1.jar;C:\Users\Admin\.m2\repository\io\cucumber\cucumber-testng\7.11.1\cucumber-testng-7.11.1.jar;C:\Users\Admin\.m2\repository\io\cucumber\cucumber-picocontainer\7.0.0\cucumber-picocontainer-7.0.0.jar;C:\Users\Admin\.m2\repository\org\picocontainer\picocontainer\2.15\picocontainer-2.15.jar;"/>
    <property name="sun.cpu.endian" value="little"/>
    <property name="user.home" value="C:\Users\Admin"/>
    <property name="user.language" value="en"/>
    <property name="java.specification.vendor" value="Oracle Corporation"/>
    <property name="java.version.date" value="2023-04-18"/>
    <property name="java.home" value="C:\Program Files\Java\jdk-17"/>
    <property name="file.separator" value="\"/>
    <property name="basedir" value="C:\Users\Admin\eclipse-workspace\Pool"/>
    <property name="java.vm.compressedOopsMode" value="Zero based"/>
    <property name="line.separator" value="&#10;"/>
    <property name="java.vm.specification.vendor" value="Oracle Corporation"/>
    <property name="java.specification.name" value="Java Platform API Specification"/>
    <property name="surefire.real.class.path" value="C:\Users\Admin\AppData\Local\Temp\surefire4057279790477214253\surefirebooter8671772288111602475.jar"/>
    <property name="user.script" value=""/>
    <property name="sun.management.compiler" value="HotSpot 64-Bit Tiered Compilers"/>
    <property name="java.runtime.version" value="17.0.7+8-LTS-224"/>
    <property name="user.name" value="Admin"/>
    <property name="path.separator" value=";"/>
    <property name="os.version" value="10.0"/>
    <property name="browser.name" value="Chrome"/>
    <property name="java.runtime.name" value="Java(TM) SE Runtime Environment"/>
    <property name="browser.version" value=""/>
    <property name="file.encoding" value="Cp1252"/>
    <property name="java.vm.name" value="Java HotSpot(TM) 64-Bit Server VM"/>
    <property name="localRepository" value="C:\Users\Admin\.m2\repository"/>
    <property name="java.vendor.url.bug" value="https://bugreport.java.com/bugreport/"/>
    <property name="java.io.tmpdir" value="C:\Users\Admin\AppData\Local\Temp\"/>
    <property name="java.version" value="17.0.7"/>
    <property name="user.dir" value="C:\Users\Admin\eclipse-workspace\Pool"/>
    <property name="os.arch" value="amd64"/>
    <property name="java.vm.specification.name" value="Java Virtual Machine Specification"/>
    <property name="sun.os.patch.level" value=""/>
    <property name="native.encoding" value="Cp1252"/>
    <property name="environment" value=""/>
    <property name="java.library.path" value="C:\Program Files\Java\jdk-17\bin;C:\Windows\Sun\Java\bin;C:\Windows\system32;C:\Windows;C:\Program Files (x86)\Common Files\Oracle\Java\javapath;C:\Program Files\Common Files\Oracle\Java\javapath;C:\Windows\system32;C:\Windows;C:\Windows\System32\Wbem;C:\Windows\System32\WindowsPowerShell\v1.0\;C:\Windows\System32\OpenSSH\;C:\Program Files (x86)\dotnet\;C:\Program Files\TortoiseSVN\bin;C:\Program Files (x86)\Pulse Secure\VC142.CRT\X64\;C:\Program Files (x86)\Pulse Secure\VC142.CRT\X86\;C:\Program Files\Java\jdk-17\bin;C:\apache-maven-3.8.5\bin;C:\Users\Admin\AppData\Local\Android\Sdk\tools;C:\Users\Admin\AppData\Local\Android\Sdk\tools\bin;C:\Users\Admin\AppData\Local\Android\Sdk\platform-tools;C:\Program Files\Git\cmd;C:\Program Files\nodejs\;C:\Program Files (x86)\Micro Focus\LoadRunner\bin\Silk\Silk Performer 21.0;;C:\Program Files\Docker\Docker\resources\bin;C:\Program Files\MySQL\MySQL Shell 8.0\bin\;C:\Users\Admin\AppData\Local\Microsoft\WindowsApps;;C:\Users\Admin\AppData\Local\Programs\Microsoft VS Code\bin;C:\Users\Admin\AppData\Roaming\npm;."/>
    <property name="java.vm.info" value="mixed mode, sharing"/>
    <property name="java.vendor" value="Oracle Corporation"/>
    <property name="java.vm.version" value="17.0.7+8-LTS-224"/>
    <property name="sun.io.unicode.encoding" value="UnicodeLittle"/>
    <property name="platform.name" value=""/>
    <property name="java.class.version" value="61.0"/>
  </properties>
  <testcase name="runScenario[&quot;01_Successful login with valid credentials&quot;, &quot;Pool Manager test scenarios&quot;](1)" classname="com.sure.runner.TestRunner" time="41.087">
    <system-out><![CDATA[...
... TestNG 7.5 by Cédric Beust (cedric@beust.com)
...

Test Suite started!
runScenario started!

Scenario: 01_Successful login with valid credentials         # src/test/resources/features/PoolManager.feature:4
  Given I Open the suretreat application                     # com.sure.stepDefs.QuickTestStepDef.i_Open_the_suretreat_app()
  When I click on " Log In " button                          # com.sure.stepDefs.QuickTestStepDef.i_click_On_Button(java.lang.String)
  And I Enter email as "Kiran_User@yopmail.com"              # com.sure.stepDefs.QuickTestStepDef.i_Enter_Email(java.lang.String)
  And I Enter password as "Test@123"                         # com.sure.stepDefs.QuickTestStepDef.i_Enter_Password(java.lang.String)
  And I Scroll Down                                          # com.sure.stepDefs.QuickTestStepDef.i_ScrollDown()
  When I click on " Login " button                           # com.sure.stepDefs.QuickTestStepDef.i_click_On_Button(java.lang.String)
  And I click on " Quick Test " button                       # com.sure.stepDefs.QuickTestStepDef.i_click_On_Button(java.lang.String)
  And I Scroll Down of the page                              # com.sure.stepDefs.QuickTestStepDef.i_ScrollDown_Page()
  And I click on "  RUN TEST " button                        # com.sure.stepDefs.QuickTestStepDef.i_click_On_Button(java.lang.String)
  And I click on "Run Manual Test" button                    # com.sure.stepDefs.QuickTestStepDef.i_click_On_Button(java.lang.String)
  When I Enter the value "5" in field "pH"                   # com.sure.stepDefs.QuickTestStepDef.i_Enter_The_Value(java.lang.String,java.lang.String)
  And I Enter the value "80" in field "Calcium Hardness"     # com.sure.stepDefs.QuickTestStepDef.i_Enter_The_Value(java.lang.String,java.lang.String)
  And I Scroll Middle                                        # com.sure.stepDefs.QuickTestStepDef.i_Scroll_Middle()
  When I Select "Eye" Radio button                           # com.sure.stepDefs.QuickTestStepDef.i_Select_Radio_Button(java.lang.String)
  When I Select "Green haze" Radio button                    # com.sure.stepDefs.QuickTestStepDef.i_Select_Radio_Button(java.lang.String)
  And I Scroll Down                                          # com.sure.stepDefs.QuickTestStepDef.i_ScrollDown()
  When I click on "Report" button                            # com.sure.stepDefs.QuickTestStepDef.i_click_On_Button(java.lang.String)
  Then I Should see the "PH" value as "7 pH"                 # com.sure.stepDefs.QuickTestStepDef.i_Should_See_Field_Value(java.lang.String,java.lang.String)
  And I Should see the " CALCIUM HARDNESS" value as "80 ppm" # com.sure.stepDefs.QuickTestStepDef.i_Should_See_Field_Value(java.lang.String,java.lang.String)
[Total hardness levels are too low. Consult your pool and spa dealer for advice about correcting this condition., 2643.8 lbs of Calcium Hardness]
[Total hardness levels are too low. Consult your pool and spa dealer for advice about correcting this condition., 2643.8 lbs of Calcium Hardness]
[The pH level is too low. Low pH can lead to aggressive water that may damage equipment and surfaces. Add the recommended treatment product(s) to raise pH to the acceptable range., Raising the pH will likely affect the total alkalinity. Retest both parameters after the pH treatment has circulated to determine if additional treatment is required., 1.3 lbs of Soda Ash]
[The pH level is too low. Low pH can lead to aggressive water that may damage equipment and surfaces. Add the recommended treatment product(s) to raise pH to the acceptable range., Raising the pH will likely affect the total alkalinity. Retest both parameters after the pH treatment has circulated to determine if additional treatment is required., 1.3 lbs of Soda Ash]
[Consult your pool and spa dealer for help with eye irritation reduction., 1.0 lbs of Oxidizer]
[Consult your pool and spa dealer for help with eye irritation reduction., 1.0 lbs of Oxidizer]
[Consult your pool and spa dealer for help with green algae removal., 40 oz of Algae Kill, 10 oz of All Purpose Algaecide, 16 oz of Concentrated Algaecide 60, 4 oz of Green Algaecide]
[Consult your pool and spa dealer for help with green algae removal., 40 oz of Algae Kill, 10 oz of All Purpose Algaecide, 16 oz of Concentrated Algaecide 60, 4 oz of Green Algaecide]
  And I Should see below details                             # com.sure.stepDefs.QuickTestStepDef.i_Should_See_Below_Details(io.cucumber.datatable.DataTable)
    | Condition                                                                  | Recommendation                                                                                                                                                                                                                                                                                                                                             | Product                                                                                                       |
    | Total hardness is low                                                      | Total hardness levels are too low. Consult your pool and spa dealer for advice about correcting this condition.                                                                                                                                                                                                                                            | 2643.8 lbs of Calcium Hardness                                                                                |
    | pH is low                                                                  | The pH level is too low. Low pH can lead to aggressive water that may damage equipment and surfaces. Add the recommended treatment product(s) to raise pH to the acceptable range., Raising the pH will likely affect the total alkalinity. Retest both parameters after the pH treatment has circulated to determine if additional treatment is required. | 1.3 lbs of Soda Ash                                                                                           |
    | - Consult your pool and spa dealer for help with eye irritation reduction. | Consult your pool and spa dealer for help with eye irritation reduction.                                                                                                                                                                                                                                                                                   | 1.0 lbs of Oxidizer                                                                                           |
    | - Consult your pool and spa dealer for help with green algae removal.      | Consult your pool and spa dealer for help with green algae removal.                                                                                                                                                                                                                                                                                        | 40 oz of Algae Kill,10 oz of All Purpose Algaecide,16 oz of Concentrated Algaecide 60,4 oz of Green Algaecide |
  And I Scroll Up of the Page                                # com.sure.stepDefs.QuickTestStepDef.i_Scroll_Up()
  And I logout of the application                            # com.sure.stepDefs.CommonStepDef.i_Logout_App()
runScenario passed!
]]></system-out>
    <system-err><![CDATA[SLF4J: Failed to load class "org.slf4j.impl.StaticLoggerBinder".
SLF4J: Defaulting to no-operation (NOP) logger implementation
SLF4J: See http://www.slf4j.org/codes.html#StaticLoggerBinder for further details.
Starting ChromeDriver 116.0.5845.96 (1a391816688002153ef791ffe60d9e899a71a037-refs/branch-heads/5845@{#1382}) on port 19655
Only local connections are allowed.
Please see https://chromedriver.chromium.org/security-considerations for suggestions on keeping ChromeDriver safe.
ChromeDriver was started successfully.
Sep 25, 2023 5:12:09 PM org.openqa.selenium.remote.ProtocolHandshake createSession
INFO: Detected dialect: W3C
]]></system-err>
  </testcase>
  <testcase name="runScenario[&quot;02_Successful login with valid another credentials&quot;, &quot;Pool Manager test scenarios&quot;](2)" classname="com.sure.runner.TestRunner" time="28.931">
    <failure message="Cannot invoke &quot;String.contains(java.lang.CharSequence)&quot; because the return value of &quot;java.util.Map.get(Object)&quot; is null" type="java.lang.NullPointerException"><![CDATA[java.lang.NullPointerException: Cannot invoke "String.contains(java.lang.CharSequence)" because the return value of "java.util.Map.get(Object)" is null
]]></failure>
    <system-out><![CDATA[runScenario started!

Scenario: 02_Successful login with valid another credentials                      # src/test/resources/features/PoolManager.feature:33
  Given I Login with email as "Kiran_User@yopmail.com" and Password as "Test@123" # com.sure.stepDefs.CommonStepDef.i_Login_With_Email_And_Password(java.lang.String,java.lang.String)
  And I Scroll Down                                                               # com.sure.stepDefs.QuickTestStepDef.i_ScrollDown()
  When I click on " Login " button                                                # com.sure.stepDefs.QuickTestStepDef.i_click_On_Button(java.lang.String)
  And I click on " Quick Test " button                                            # com.sure.stepDefs.QuickTestStepDef.i_click_On_Button(java.lang.String)
  And I Scroll Down of the page                                                   # com.sure.stepDefs.QuickTestStepDef.i_ScrollDown_Page()
  And I click on "  RUN TEST " button                                             # com.sure.stepDefs.QuickTestStepDef.i_click_On_Button(java.lang.String)
  And I click on "Run Manual Test" button                                         # com.sure.stepDefs.QuickTestStepDef.i_click_On_Button(java.lang.String)
  When I Enter the value "5" in field "Acid Demand"                               # com.sure.stepDefs.QuickTestStepDef.i_Enter_The_Value(java.lang.String,java.lang.String)
  And I Enter the value "80" in field "Calcium Hardness"                          # com.sure.stepDefs.QuickTestStepDef.i_Enter_The_Value(java.lang.String,java.lang.String)
  And I Enter the value "120" in field "Total Alkalinity"                         # com.sure.stepDefs.QuickTestStepDef.i_Enter_The_Value(java.lang.String,java.lang.String)
  And I Scroll Middle                                                             # com.sure.stepDefs.QuickTestStepDef.i_Scroll_Middle()
  When I Select " Cloudy / Hazy " Radio button                                    # com.sure.stepDefs.QuickTestStepDef.i_Select_Radio_Button(java.lang.String)
  And I Select " Dirty / Muddy " Radio button                                     # com.sure.stepDefs.QuickTestStepDef.i_Select_Radio_Button(java.lang.String)
  And I Scroll Down                                                               # com.sure.stepDefs.QuickTestStepDef.i_ScrollDown()
  And I Select " Blue-Green " Radio button                                        # com.sure.stepDefs.QuickTestStepDef.i_Select_Radio_Button(java.lang.String)
  And I Select " Crystal Clear Water " Radio button                               # com.sure.stepDefs.QuickTestStepDef.i_Select_Radio_Button(java.lang.String)
  When I click on "Report" button                                                 # com.sure.stepDefs.QuickTestStepDef.i_click_On_Button(java.lang.String)
[Total hardness levels are too low. Consult your pool and spa dealer for advice about correcting this condition., 2643.8 lbs of Calcium Hardness]
[Total hardness levels are too low. Consult your pool and spa dealer for advice about correcting this condition., 2643.8 lbs of Calcium Hardness]
[Consult your pool and spa dealer for help with water clarification., 2 oz of Clarifier, 1.0 lbs of Oxidizer, 6 oz of Shock Booster]
[Consult your pool and spa dealer for help with water clarification., 2 oz of Clarifier, 1.0 lbs of Oxidizer, 6 oz of Shock Booster]
  And I Should see below details                                                  # com.sure.stepDefs.QuickTestStepDef.i_Should_See_Below_Details(io.cucumber.datatable.DataTable)
    | Condition                                                             | Recommendation                                                                                                  | Product                                                     |
    | Total hardness is low                                                 | Total hardness levels are too low. Consult your pool and spa dealer for advice about correcting this condition. | 2643.8 lbs of Calcium Hardness                              |
    | - Consult your pool and spa dealer for help with water clarification. | Consult your pool and spa dealer for help with water clarification.                                             | 2 oz of Clarifier,1.0 lbs of Oxidizer,6 oz of Shock Booster |
  And I Scroll Middle                                                             # com.sure.stepDefs.QuickTestStepDef.i_Scroll_Middle()
  And I Should see below details                                                  # com.sure.stepDefs.QuickTestStepDef.i_Should_See_Below_Details(io.cucumber.datatable.DataTable)
    | Condition                                                            | Recommendation                                                                               | Product |
    | - Consult your pool and spa dealer for help with dirt / mud removal. | Consult your pool and spa dealer for help with dirt / mud removal.                           | [empty] |
    | Clear water maintenance                                              | Consult your pool and spa dealer for information about maintaining your water crystal clear. | [empty] |
      java.lang.NullPointerException: Cannot invoke "String.contains(java.lang.CharSequence)" because the return value of "java.util.Map.get(Object)" is null
	at com.sure.stepDefs.QuickTestStepDef.i_Should_See_Below_Details(QuickTestStepDef.java:134)
	at âœ½.I Should see below details(file:///C:/Users/Admin/eclipse-workspace/Pool/src/test/resources/features/PoolManager.feature:56)


    Embedding image [image/png 102722 bytes]

  And I Scroll Up of the Page                                                     # com.sure.stepDefs.QuickTestStepDef.i_Scroll_Up()
  And I logout of the application                                                 # com.sure.stepDefs.CommonStepDef.i_Logout_App()
runScenario failed!
]]></system-out>
    <system-err><![CDATA[Starting ChromeDriver 116.0.5845.96 (1a391816688002153ef791ffe60d9e899a71a037-refs/branch-heads/5845@{#1382}) on port 8602
Only local connections are allowed.
Please see https://chromedriver.chromium.org/security-considerations for suggestions on keeping ChromeDriver safe.
ChromeDriver was started successfully.
Sep 25, 2023 5:12:50 PM org.openqa.selenium.remote.ProtocolHandshake createSession
INFO: Detected dialect: W3C
]]></system-err>
  </testcase>
  <testcase name="runScenario[&quot;03_Successful login with valid another credentials&quot;, &quot;Pool Manager test scenarios&quot;](3)" classname="com.sure.runner.TestRunner" time="134.328">
    <failure message="Data Matched: lists don&apos;t have the same size expected [8] but found [4]" type="java.lang.AssertionError"><![CDATA[java.lang.AssertionError: Data Matched: lists don't have the same size expected [8] but found [4]
]]></failure>
    <system-out><![CDATA[runScenario started!

Scenario: 03_Successful login with valid another credentials                      # src/test/resources/features/PoolManager.feature:63
  Given I Login with email as "Kiran_User@yopmail.com" and Password as "Test@123" # com.sure.stepDefs.CommonStepDef.i_Login_With_Email_And_Password(java.lang.String,java.lang.String)
  And I Scroll Down                                                               # com.sure.stepDefs.QuickTestStepDef.i_ScrollDown()
  When I click on " Login " button                                                # com.sure.stepDefs.QuickTestStepDef.i_click_On_Button(java.lang.String)
  And I click on " Quick Test " button                                            # com.sure.stepDefs.QuickTestStepDef.i_click_On_Button(java.lang.String)
  And I Scroll Down of the page                                                   # com.sure.stepDefs.QuickTestStepDef.i_ScrollDown_Page()
  And I click on "  RUN TEST " button                                             # com.sure.stepDefs.QuickTestStepDef.i_click_On_Button(java.lang.String)
  And I click on "Run Manual Test" button                                         # com.sure.stepDefs.QuickTestStepDef.i_click_On_Button(java.lang.String)
  When I Enter the value "120" in field "Iron"                                    # com.sure.stepDefs.QuickTestStepDef.i_Enter_The_Value(java.lang.String,java.lang.String)
  And I Enter the value "85" in field "Calcium Hardness"                          # com.sure.stepDefs.QuickTestStepDef.i_Enter_The_Value(java.lang.String,java.lang.String)
  And I Enter the value "70" in field "Total Alkalinity"                          # com.sure.stepDefs.QuickTestStepDef.i_Enter_The_Value(java.lang.String,java.lang.String)
  And I Enter the value "100" in field "Temperature"                              # com.sure.stepDefs.QuickTestStepDef.i_Enter_The_Value(java.lang.String,java.lang.String)
  And I Enter the value "60" in field "Free Chlorine"                             # com.sure.stepDefs.QuickTestStepDef.i_Enter_The_Value(java.lang.String,java.lang.String)
  And I Scroll Middle                                                             # com.sure.stepDefs.QuickTestStepDef.i_Scroll_Middle()
  And I Select " Dirty / Muddy " Radio button                                     # com.sure.stepDefs.QuickTestStepDef.i_Select_Radio_Button(java.lang.String)
  And I Scroll Down                                                               # com.sure.stepDefs.QuickTestStepDef.i_ScrollDown()
  And I Select " Blue-Green " Radio button                                        # com.sure.stepDefs.QuickTestStepDef.i_Select_Radio_Button(java.lang.String)
  And I Select " Water Foaming " Radio button                                     # com.sure.stepDefs.QuickTestStepDef.i_Select_Radio_Button(java.lang.String)
  And I Select " Filter Cleaning " Radio button                                   # com.sure.stepDefs.QuickTestStepDef.i_Select_Radio_Button(java.lang.String)
  When I click on "Report" button                                                 # com.sure.stepDefs.QuickTestStepDef.i_click_On_Button(java.lang.String)
  Then I Should see the "PH" value as "7 pH"                                      # com.sure.stepDefs.QuickTestStepDef.i_Should_See_Field_Value(java.lang.String,java.lang.String)
  And I Should see the " CALCIUM HARDNESS" value as "85 ppm"                      # com.sure.stepDefs.QuickTestStepDef.i_Should_See_Field_Value(java.lang.String,java.lang.String)
  And I Should see the " IRON" value as "120 ppm"                                 # com.sure.stepDefs.QuickTestStepDef.i_Should_See_Field_Value(java.lang.String,java.lang.String)
  And I Should see the "  TOTAL ALKALINITY" value as "70 ppm"                     # com.sure.stepDefs.QuickTestStepDef.i_Should_See_Field_Value(java.lang.String,java.lang.String)
  And I Scroll Middle                                                             # com.sure.stepDefs.QuickTestStepDef.i_Scroll_Middle()
[The total alkalinity level is too low. An appropriate level of total alkalinity is needed to maintain a stable pH., Add the recommended treatment product(s) to raise total alkalinity to the acceptable range., NOTE: Adjusting total alkalinity will likely affect pH, so retest both parameters after the total alkalinity treatment has circulated to determine if additional treatment is required., 0.042 lbs of Alkalinity]
[The total alkalinity level is too low. An appropriate level of total alkalinity is needed to maintain a stable pH., Add the recommended treatment product(s) to raise total alkalinity to the acceptable range., NOTE: Adjusting total alkalinity will likely affect pH, so retest both parameters after the total alkalinity treatment has circulated to determine if additional treatment is required., 0.042 lbs of Alkalinity, ABC, PRODUCT INSTRUCTIONS, Test ABC]
  And I Should see below details                                                  # com.sure.stepDefs.QuickTestStepDef.i_Should_See_Below_Details(io.cucumber.datatable.DataTable)
    | Condition             | Recommendation                                                                                                                                                                                                                                                                                                                                                                                           | Product                                                     |
    | TA is low             | The total alkalinity level is too low. An appropriate level of total alkalinity is needed to maintain a stable pH., Add the recommended treatment product(s) to raise total alkalinity to the acceptable range., NOTE: Adjusting total alkalinity will likely affect pH, so retest both parameters after the total alkalinity treatment has circulated to determine if additional treatment is required. | 0.042 lbs of Alkalinity,ABC, PRODUCT INSTRUCTIONS, Test ABC |
    | Total hardness is low | Total hardness levels are too low. Consult your pool and spa dealer for advice about correcting this condition.                                                                                                                                                                                                                                                                                          | 2583.8 lbs of Calcium Hardness                              |
    | pH is low             | The pH level is too low. Low pH can lead to aggressive water that may damage equipment and surfaces. Add the recommended treatment product(s) to raise pH to the acceptable range., Raising the pH will likely affect the total alkalinity. Retest both parameters after the pH treatment has circulated to determine if additional treatment is required.                                               | 0.62 lbs of Soda Ash                                        |
      java.lang.AssertionError: Data Matched: lists don't have the same size expected [8] but found [4]
	at org.testng.Assert.fail(Assert.java:110)
	at org.testng.Assert.failNotEquals(Assert.java:1413)
	at org.testng.Assert.assertEqualsImpl(Assert.java:149)
	at org.testng.Assert.assertEquals(Assert.java:131)
	at org.testng.Assert.assertEquals(Assert.java:1240)
	at org.testng.Assert.assertEquals(Assert.java:1465)
	at com.sure.stepDefs.QuickTestStepDef.i_Should_See_Below_Details(QuickTestStepDef.java:149)
	at âœ½.I Should see below details(file:///C:/Users/Admin/eclipse-workspace/Pool/src/test/resources/features/PoolManager.feature:89)


    Embedding image [image/png 114244 bytes]

  And I Scroll Up of the Page                                                     # com.sure.stepDefs.QuickTestStepDef.i_Scroll_Up()
  And I logout of the application                                                 # com.sure.stepDefs.CommonStepDef.i_Logout_App()
runScenario failed!
]]></system-out>
    <system-err><![CDATA[Starting ChromeDriver 116.0.5845.96 (1a391816688002153ef791ffe60d9e899a71a037-refs/branch-heads/5845@{#1382}) on port 11850
Only local connections are allowed.
Please see https://chromedriver.chromium.org/security-considerations for suggestions on keeping ChromeDriver safe.
ChromeDriver was started successfully.
Sep 25, 2023 5:13:19 PM org.openqa.selenium.remote.ProtocolHandshake createSession
INFO: Detected dialect: W3C
java.lang.IllegalArgumentException: wait For Condition "Visibility" isn't supported.
	at com.sure.stepDefs.BaseTest.waitForCondition(BaseTest.java:113)
	at com.sure.stepDefs.BaseTest.elementText(BaseTest.java:53)
	at com.sure.stepDefs.QuickTestStepDef.i_Should_See_Field_Value(QuickTestStepDef.java:104)
	at java.base/jdk.internal.reflect.NativeMethodAccessorImpl.invoke0(Native Method)
	at java.base/jdk.internal.reflect.NativeMethodAccessorImpl.invoke(NativeMethodAccessorImpl.java:77)
	at java.base/jdk.internal.reflect.DelegatingMethodAccessorImpl.invoke(DelegatingMethodAccessorImpl.java:43)
	at java.base/java.lang.reflect.Method.invoke(Method.java:568)
	at io.cucumber.java.Invoker.doInvoke(Invoker.java:66)
	at io.cucumber.java.Invoker.invoke(Invoker.java:24)
	at io.cucumber.java.AbstractGlueDefinition.invokeMethod(AbstractGlueDefinition.java:47)
	at io.cucumber.java.JavaStepDefinition.execute(JavaStepDefinition.java:29)
	at io.cucumber.core.runner.CoreStepDefinition.execute(CoreStepDefinition.java:66)
	at io.cucumber.core.runner.PickleStepDefinitionMatch.runStep(PickleStepDefinitionMatch.java:63)
	at io.cucumber.core.runner.ExecutionMode$1.execute(ExecutionMode.java:10)
	at io.cucumber.core.runner.TestStep.executeStep(TestStep.java:86)
	at io.cucumber.core.runner.TestStep.run(TestStep.java:57)
	at io.cucumber.core.runner.PickleStepTestStep.run(PickleStepTestStep.java:51)
	at io.cucumber.core.runner.TestCase.run(TestCase.java:95)
	at io.cucumber.core.runner.Runner.runPickle(Runner.java:75)
	at io.cucumber.testng.TestNGCucumberRunner.lambda$runScenario$1(TestNGCucumberRunner.java:132)
	at io.cucumber.core.runtime.CucumberExecutionContext.lambda$runTestCase$3(CucumberExecutionContext.java:110)
	at io.cucumber.core.runtime.RethrowingThrowableCollector.executeAndThrow(RethrowingThrowableCollector.java:23)
	at io.cucumber.core.runtime.CucumberExecutionContext.runTestCase(CucumberExecutionContext.java:110)
	at io.cucumber.testng.TestNGCucumberRunner.runScenario(TestNGCucumberRunner.java:129)
	at io.cucumber.testng.AbstractTestNGCucumberTests.runScenario(AbstractTestNGCucumberTests.java:35)
	at java.base/jdk.internal.reflect.NativeMethodAccessorImpl.invoke0(Native Method)
	at java.base/jdk.internal.reflect.NativeMethodAccessorImpl.invoke(NativeMethodAccessorImpl.java:77)
	at java.base/jdk.internal.reflect.DelegatingMethodAccessorImpl.invoke(DelegatingMethodAccessorImpl.java:43)
	at java.base/java.lang.reflect.Method.invoke(Method.java:568)
	at org.testng.internal.invokers.MethodInvocationHelper.invokeMethod(MethodInvocationHelper.java:135)
	at org.testng.internal.invokers.TestInvoker.invokeMethod(TestInvoker.java:673)
	at org.testng.internal.invokers.TestInvoker.invokeTestMethod(TestInvoker.java:220)
	at org.testng.internal.invokers.MethodRunner.runInSequence(MethodRunner.java:50)
	at org.testng.internal.invokers.TestInvoker$MethodInvocationAgent.invoke(TestInvoker.java:945)
	at org.testng.internal.invokers.TestInvoker.invokeTestMethods(TestInvoker.java:193)
	at org.testng.internal.invokers.TestMethodWorker.invokeTestMethods(TestMethodWorker.java:146)
	at org.testng.internal.invokers.TestMethodWorker.run(TestMethodWorker.java:128)
	at java.base/java.util.concurrent.ThreadPoolExecutor.runWorker(ThreadPoolExecutor.java:1136)
	at java.base/java.util.concurrent.ThreadPoolExecutor$Worker.run(ThreadPoolExecutor.java:635)
	at java.base/java.lang.Thread.run(Thread.java:833)
java.lang.IllegalArgumentException: wait For Condition "Visibility" isn't supported.
	at com.sure.stepDefs.BaseTest.waitForCondition(BaseTest.java:113)
	at com.sure.stepDefs.BaseTest.elementText(BaseTest.java:53)
	at com.sure.stepDefs.QuickTestStepDef.i_Should_See_Field_Value(QuickTestStepDef.java:104)
	at java.base/jdk.internal.reflect.NativeMethodAccessorImpl.invoke0(Native Method)
	at java.base/jdk.internal.reflect.NativeMethodAccessorImpl.invoke(NativeMethodAccessorImpl.java:77)
	at java.base/jdk.internal.reflect.DelegatingMethodAccessorImpl.invoke(DelegatingMethodAccessorImpl.java:43)
	at java.base/java.lang.reflect.Method.invoke(Method.java:568)
	at io.cucumber.java.Invoker.doInvoke(Invoker.java:66)
	at io.cucumber.java.Invoker.invoke(Invoker.java:24)
	at io.cucumber.java.AbstractGlueDefinition.invokeMethod(AbstractGlueDefinition.java:47)
	at io.cucumber.java.JavaStepDefinition.execute(JavaStepDefinition.java:29)
	at io.cucumber.core.runner.CoreStepDefinition.execute(CoreStepDefinition.java:66)
	at io.cucumber.core.runner.PickleStepDefinitionMatch.runStep(PickleStepDefinitionMatch.java:63)
	at io.cucumber.core.runner.ExecutionMode$1.execute(ExecutionMode.java:10)
	at io.cucumber.core.runner.TestStep.executeStep(TestStep.java:86)
	at io.cucumber.core.runner.TestStep.run(TestStep.java:57)
	at io.cucumber.core.runner.PickleStepTestStep.run(PickleStepTestStep.java:51)
	at io.cucumber.core.runner.TestCase.run(TestCase.java:95)
	at io.cucumber.core.runner.Runner.runPickle(Runner.java:75)
	at io.cucumber.testng.TestNGCucumberRunner.lambda$runScenario$1(TestNGCucumberRunner.java:132)
	at io.cucumber.core.runtime.CucumberExecutionContext.lambda$runTestCase$3(CucumberExecutionContext.java:110)
	at io.cucumber.core.runtime.RethrowingThrowableCollector.executeAndThrow(RethrowingThrowableCollector.java:23)
	at io.cucumber.core.runtime.CucumberExecutionContext.runTestCase(CucumberExecutionContext.java:110)
	at io.cucumber.testng.TestNGCucumberRunner.runScenario(TestNGCucumberRunner.java:129)
	at io.cucumber.testng.AbstractTestNGCucumberTests.runScenario(AbstractTestNGCucumberTests.java:35)
	at java.base/jdk.internal.reflect.NativeMethodAccessorImpl.invoke0(Native Method)
	at java.base/jdk.internal.reflect.NativeMethodAccessorImpl.invoke(NativeMethodAccessorImpl.java:77)
	at java.base/jdk.internal.reflect.DelegatingMethodAccessorImpl.invoke(DelegatingMethodAccessorImpl.java:43)
	at java.base/java.lang.reflect.Method.invoke(Method.java:568)
	at org.testng.internal.invokers.MethodInvocationHelper.invokeMethod(MethodInvocationHelper.java:135)
	at org.testng.internal.invokers.TestInvoker.invokeMethod(TestInvoker.java:673)
	at org.testng.internal.invokers.TestInvoker.invokeTestMethod(TestInvoker.java:220)
	at org.testng.internal.invokers.MethodRunner.runInSequence(MethodRunner.java:50)
	at org.testng.internal.invokers.TestInvoker$MethodInvocationAgent.invoke(TestInvoker.java:945)
	at org.testng.internal.invokers.TestInvoker.invokeTestMethods(TestInvoker.java:193)
	at org.testng.internal.invokers.TestMethodWorker.invokeTestMethods(TestMethodWorker.java:146)
	at org.testng.internal.invokers.TestMethodWorker.run(TestMethodWorker.java:128)
	at java.base/java.util.concurrent.ThreadPoolExecutor.runWorker(ThreadPoolExecutor.java:1136)
	at java.base/java.util.concurrent.ThreadPoolExecutor$Worker.run(ThreadPoolExecutor.java:635)
	at java.base/java.lang.Thread.run(Thread.java:833)
]]></system-err>
  </testcase>
</testsuite>