<?xml version="1.0" encoding="UTF-8"?>
<testng-results ignored="0" total="3" passed="1" failed="2" skipped="0">
  <reporter-output>
  </reporter-output>
  <suite started-at="2023-09-25T17:12:07 IST" name="Sure Pool and Spa Test Suite" finished-at="2023-09-25T17:15:37 IST" duration-ms="209086">
    <groups>
      <group name="cucumber">
        <method signature="AbstractTestNGCucumberTests.runScenario(io.cucumber.testng.PickleWrapper,io.cucumber.testng.FeatureWrapper)[pri:0, instance:com.sure.runner.TestRunner@7f485fda]" name="runScenario" class="io.cucumber.testng.AbstractTestNGCucumberTests"/>
      </group> <!-- cucumber -->
    </groups>
    <test started-at="2023-09-25T17:12:07 IST" name="Pool Test" finished-at="2023-09-25T17:15:37 IST" duration-ms="209086">
      <class name="com.sure.runner.TestRunner">
        <test-method is-config="true" signature="setUpClass(org.testng.ITestContext)[pri:0, instance:com.sure.runner.TestRunner@7f485fda]" started-at="2023-09-25T17:12:08 IST" name="setUpClass" finished-at="2023-09-25T17:12:08 IST" duration-ms="469" status="PASS">
          <params>
            <param index="0">
              <value>
                <![CDATA[org.testng.TestRunner@4c5ae43b]]>
              </value>
            </param>
          </params>
          <reporter-output>
          </reporter-output>
        </test-method> <!-- setUpClass -->
        <test-method signature="runScenario(io.cucumber.testng.PickleWrapper,io.cucumber.testng.FeatureWrapper)[pri:0, instance:com.sure.runner.TestRunner@7f485fda]" started-at="2023-09-25T17:12:08 IST" name="runScenario" description="Runs Cucumber Scenarios" data-provider="scenarios" finished-at="2023-09-25T17:12:49 IST" duration-ms="41086" status="PASS">
          <params>
            <param index="0">
              <value>
                <![CDATA["01_Successful login with valid credentials"]]>
              </value>
            </param>
            <param index="1">
              <value>
                <![CDATA["Pool Manager test scenarios"]]>
              </value>
            </param>
          </params>
          <reporter-output>
          </reporter-output>
        </test-method> <!-- runScenario -->
        <test-method signature="runScenario(io.cucumber.testng.PickleWrapper,io.cucumber.testng.FeatureWrapper)[pri:0, instance:com.sure.runner.TestRunner@7f485fda]" started-at="2023-09-25T17:12:49 IST" name="runScenario" description="Runs Cucumber Scenarios" data-provider="scenarios" finished-at="2023-09-25T17:13:18 IST" duration-ms="28863" status="FAIL">
          <params>
            <param index="0">
              <value>
                <![CDATA["02_Successful login with valid another credentials"]]>
              </value>
            </param>
            <param index="1">
              <value>
                <![CDATA["Pool Manager test scenarios"]]>
              </value>
            </param>
          </params>
          <exception class="java.lang.NullPointerException">
            <message>
              <![CDATA[Cannot invoke "String.contains(java.lang.CharSequence)" because the return value of "java.util.Map.get(Object)" is null]]>
            </message>
            <full-stacktrace>
              <![CDATA[java.lang.NullPointerException: Cannot invoke "String.contains(java.lang.CharSequence)" because the return value of "java.util.Map.get(Object)" is null
at com.sure.stepDefs.QuickTestStepDef.i_Should_See_Below_Details(QuickTestStepDef.java:134)
at ✽.I Should see below details(file:///C:/Users/Admin/eclipse-workspace/Pool/src/test/resources/features/PoolManager.feature:56)
]]>
            </full-stacktrace>
          </exception> <!-- java.lang.NullPointerException -->
          <reporter-output>
          </reporter-output>
        </test-method> <!-- runScenario -->
        <test-method signature="runScenario(io.cucumber.testng.PickleWrapper,io.cucumber.testng.FeatureWrapper)[pri:0, instance:com.sure.runner.TestRunner@7f485fda]" started-at="2023-09-25T17:13:18 IST" name="runScenario" description="Runs Cucumber Scenarios" data-provider="scenarios" finished-at="2023-09-25T17:15:32 IST" duration-ms="134354" status="FAIL">
          <params>
            <param index="0">
              <value>
                <![CDATA["03_Successful login with valid another credentials"]]>
              </value>
            </param>
            <param index="1">
              <value>
                <![CDATA["Pool Manager test scenarios"]]>
              </value>
            </param>
          </params>
          <exception class="java.lang.AssertionError">
            <message>
              <![CDATA[Data Matched: lists don't have the same size expected [8] but found [4]]]>
            </message>
            <full-stacktrace>
              <![CDATA[java.lang.AssertionError: Data Matched: lists don't have the same size expected [8] but found [4]
at org.testng.Assert.fail(Assert.java:110)
at org.testng.Assert.failNotEquals(Assert.java:1413)
at org.testng.Assert.assertEqualsImpl(Assert.java:149)
at org.testng.Assert.assertEquals(Assert.java:131)
at org.testng.Assert.assertEquals(Assert.java:1240)
at org.testng.Assert.assertEquals(Assert.java:1465)
at com.sure.stepDefs.QuickTestStepDef.i_Should_See_Below_Details(QuickTestStepDef.java:149)
at ✽.I Should see below details(file:///C:/Users/Admin/eclipse-workspace/Pool/src/test/resources/features/PoolManager.feature:89)
]]>
            </full-stacktrace>
          </exception> <!-- java.lang.AssertionError -->
          <reporter-output>
          </reporter-output>
        </test-method> <!-- runScenario -->
        <test-method is-config="true" signature="tearDownClass()[pri:0, instance:com.sure.runner.TestRunner@7f485fda]" started-at="2023-09-25T17:15:32 IST" name="tearDownClass" finished-at="2023-09-25T17:15:37 IST" duration-ms="4277" status="PASS">
          <reporter-output>
          </reporter-output>
        </test-method> <!-- tearDownClass -->
      </class> <!-- com.sure.runner.TestRunner -->
    </test> <!-- Pool Test -->
  </suite> <!-- Sure Pool and Spa Test Suite -->
</testng-results>
