<?xml version="1.0" encoding="UTF-8"?>
<!-- Generated by org.testng.reporters.JUnitReportReporter -->
<testsuite hostname="DESKTOP-N1269UI" failures="0" tests="2" name="com.sure.runner.TestRunner" time="54.318" errors="2" timestamp="2023-09-20T09:11:09 IST" skipped="0">
  <testcase classname="com.sure.runner.TestRunner" name="runScenario" time="11.536">
    <error message="wait For Condition &quot;Clickable&quot; isn&#039;t supported." type="java.lang.IllegalArgumentException">
      <![CDATA[java.lang.IllegalArgumentException: wait For Condition "Clickable" isn't supported.
at com.sure.stepDefs.BaseTest.waitForCondition(BaseTest.java:107)
at com.sure.stepDefs.BaseTest.clickButton(BaseTest.java:23)
at com.sure.stepDefs.QuickTestStepDef.i_click_On_Button(QuickTestStepDef.java:48)
at ✽.I click on " Log In " button(file:///C:/Users/Admin/eclipse-workspace/Pool/src/test/resources/features/PoolManager.feature:32)
]]>
    </error>
  </testcase> <!-- runScenario -->
  <system-out/>
  <testcase classname="com.sure.runner.TestRunner" name="runScenario" time="42.782">
    <error message="wait For Condition &quot;Clickable&quot; isn&#039;t supported." type="java.lang.IllegalArgumentException">
      <![CDATA[java.lang.IllegalArgumentException: wait For Condition "Clickable" isn't supported.
at com.sure.stepDefs.BaseTest.waitForCondition(BaseTest.java:107)
at com.sure.stepDefs.BaseTest.clickButton(BaseTest.java:23)
at com.sure.stepDefs.CommonStepDef.i_Logout_App(CommonStepDef.java:24)
at ✽.I logout of the application(file:///C:/Users/Admin/eclipse-workspace/Pool/src/test/resources/features/PoolManager.feature:28)
]]>
    </error>
  </testcase> <!-- runScenario -->
  <system-out/>
</testsuite> <!-- com.sure.runner.TestRunner -->
