<?xml version="1.0" encoding="UTF-8"?>
<!-- Generated by org.testng.reporters.JUnitReportReporter -->
<testsuite hostname="DESKTOP-N1269UI" failures="1" tests="3" name="com.sure.runner.TestRunner" time="204.303" errors="1" timestamp="2023-09-25T17:15:37 IST" skipped="0">
  <testcase classname="com.sure.runner.TestRunner" name="runScenario" time="28.863">
    <error message="Cannot invoke &quot;String.contains(java.lang.CharSequence)&quot; because the return value of &quot;java.util.Map.get(Object)&quot; is null" type="java.lang.NullPointerException">
      <![CDATA[java.lang.NullPointerException: Cannot invoke "String.contains(java.lang.CharSequence)" because the return value of "java.util.Map.get(Object)" is null
at com.sure.stepDefs.QuickTestStepDef.i_Should_See_Below_Details(QuickTestStepDef.java:134)
at ✽.I Should see below details(file:///C:/Users/Admin/eclipse-workspace/Pool/src/test/resources/features/PoolManager.feature:56)
]]>
    </error>
  </testcase> <!-- runScenario -->
  <system-out/>
  <testcase classname="com.sure.runner.TestRunner" name="runScenario" time="134.354">
    <failure message="Data Matched: lists don&#039;t have the same size expected [8] but found [4]" type="java.lang.AssertionError">
      <![CDATA[java.lang.AssertionError: Data Matched: lists don't have the same size expected [8] but found [4]
at org.testng.Assert.fail(Assert.java:110)
at org.testng.Assert.failNotEquals(Assert.java:1413)
at org.testng.Assert.assertEqualsImpl(Assert.java:149)
at org.testng.Assert.assertEquals(Assert.java:131)
at org.testng.Assert.assertEquals(Assert.java:1240)
at org.testng.Assert.assertEquals(Assert.java:1465)
at com.sure.stepDefs.QuickTestStepDef.i_Should_See_Below_Details(QuickTestStepDef.java:149)
at ✽.I Should see below details(file:///C:/Users/Admin/eclipse-workspace/Pool/src/test/resources/features/PoolManager.feature:89)
]]>
    </failure>
  </testcase> <!-- runScenario -->
  <system-out/>
  <testcase classname="com.sure.runner.TestRunner" name="runScenario" time="41.086"/>
  <system-out/>
</testsuite> <!-- com.sure.runner.TestRunner -->
