<?xml version="1.0" encoding="UTF-8"?>
<!-- Generated by org.testng.reporters.JUnitXMLReporter -->
<testsuite ignored="0" hostname="DESKTOP-N1269UI" failures="2" tests="2" name="Pool Test" time="59.06" errors="0" timestamp="2023-09-20T09:11:09 IST">
  <testcase classname="io.cucumber.testng.AbstractTestNGCucumberTests" name="runScenario" time="42.782">
    <failure type="java.lang.IllegalArgumentException" message="wait For Condition &amp;quot;Clickable&amp;quot; isn&amp;apos;t supported.">
      <![CDATA[java.lang.IllegalArgumentException: wait For Condition "Clickable" isn't supported.
at com.sure.stepDefs.BaseTest.waitForCondition(BaseTest.java:107)
at com.sure.stepDefs.BaseTest.clickButton(BaseTest.java:23)
at com.sure.stepDefs.CommonStepDef.i_Logout_App(CommonStepDef.java:24)
at ✽.I logout of the application(file:///C:/Users/Admin/eclipse-workspace/Pool/src/test/resources/features/PoolManager.feature:28)
]]>
    </failure>
  </testcase> <!-- runScenario -->
  <testcase classname="io.cucumber.testng.AbstractTestNGCucumberTests" name="runScenario" time="11.536">
    <failure type="java.lang.IllegalArgumentException" message="wait For Condition &amp;quot;Clickable&amp;quot; isn&amp;apos;t supported.">
      <![CDATA[java.lang.IllegalArgumentException: wait For Condition "Clickable" isn't supported.
at com.sure.stepDefs.BaseTest.waitForCondition(BaseTest.java:107)
at com.sure.stepDefs.BaseTest.clickButton(BaseTest.java:23)
at com.sure.stepDefs.QuickTestStepDef.i_click_On_Button(QuickTestStepDef.java:48)
at ✽.I click on " Log In " button(file:///C:/Users/Admin/eclipse-workspace/Pool/src/test/resources/features/PoolManager.feature:32)
]]>
    </failure>
  </testcase> <!-- runScenario -->
</testsuite> <!-- Pool Test -->
